Flow report for nearML_modules
Fri Jul 30 00:42:25 2021
Quartus II 64-Bit Version 13.0.0 Build 156 04/24/2013 SJ Web Edition


---------------------
; Table of Contents ;
---------------------
  1. Legal Notice
  2. Flow Summary
  3. Flow Settings
  4. Flow Non-Default Global Settings
  5. Flow Elapsed Time
  6. Flow OS Summary
  7. Flow Log
  8. Flow Messages
  9. Flow Suppressed Messages



----------------
; Legal Notice ;
----------------
Copyright (C) 1991-2013 Altera Corporation
Your use of Altera Corporation's design tools, logic functions 
and other software and tools, and its AMPP partner logic 
functions, and any output files from any of the foregoing 
(including device programming or simulation files), and any 
associated documentation or information are expressly subject 
to the terms and conditions of the Altera Program License 
Subscription Agreement, Altera MegaCore Function License 
Agreement, or other applicable license agreement, including, 
without limitation, that your use is for the sole purpose of 
programming logic devices manufactured by Altera and sold by 
Altera or its authorized distributors.  Please refer to the 
applicable agreement for further details.



+---------------------------------------------------------------------------------+
; Flow Summary                                                                    ;
+------------------------------------+--------------------------------------------+
; Flow Status                        ; Successful - Fri Jul 30 00:42:25 2021      ;
; Quartus II 64-Bit Version          ; 13.0.0 Build 156 04/24/2013 SJ Web Edition ;
; Revision Name                      ; nearML_modules                             ;
; Top-level Entity Name              ; complex2In4                                ;
; Family                             ; Cyclone IV GX                              ;
; Total logic elements               ; 1,225 / 29,440 ( 4 % )                     ;
;     Total combinational functions  ; 1,225 / 29,440 ( 4 % )                     ;
;     Dedicated logic registers      ; 64 / 29,440 ( < 1 % )                      ;
; Total registers                    ; 64                                         ;
; Total pins                         ; 194 / 307 ( 63 % )                         ;
; Total virtual pins                 ; 0                                          ;
; Total memory bits                  ; 0 / 1,105,920 ( 0 % )                      ;
; Embedded Multiplier 9-bit elements ; 0 / 160 ( 0 % )                            ;
; Total GXB Receiver Channel PCS     ; 0 / 4 ( 0 % )                              ;
; Total GXB Receiver Channel PMA     ; 0 / 4 ( 0 % )                              ;
; Total GXB Transmitter Channel PCS  ; 0 / 4 ( 0 % )                              ;
; Total GXB Transmitter Channel PMA  ; 0 / 4 ( 0 % )                              ;
; Total PLLs                         ; 0 / 6 ( 0 % )                              ;
; Device                             ; EP4CGX30CF23C6                             ;
; Timing Models                      ; Final                                      ;
+------------------------------------+--------------------------------------------+


+-----------------------------------------+
; Flow Settings                           ;
+-------------------+---------------------+
; Option            ; Setting             ;
+-------------------+---------------------+
; Start date & time ; 07/30/2021 00:38:38 ;
; Main task         ; Compilation         ;
; Revision Name     ; nearML_modules      ;
+-------------------+---------------------+


+----------------------------------------------------------------------------------------------------------------------+
; Flow Non-Default Global Settings                                                                                     ;
+-------------------------------------+--------------------------------+----------------+-------------+----------------+
; Assignment Name                     ; Value                          ; Default Value  ; Entity Name ; Section Id     ;
+-------------------------------------+--------------------------------+----------------+-------------+----------------+
; COMPILER_SIGNATURE_ID               ; 10995770589200.162763071808232 ; --             ; --          ; --             ;
; EDA_GENERATE_FUNCTIONAL_NETLIST     ; On                             ; --             ; --          ; eda_simulation ;
; EDA_OUTPUT_DATA_FORMAT              ; Verilog Hdl                    ; --             ; --          ; eda_simulation ;
; EDA_SIMULATION_TOOL                 ; ModelSim-Altera (Verilog)      ; <None>         ; --          ; --             ;
; PARTITION_COLOR                     ; 16764057                       ; --             ; complex2In4 ; Top            ;
; PARTITION_FITTER_PRESERVATION_LEVEL ; PLACEMENT_AND_ROUTING          ; --             ; complex2In4 ; Top            ;
; PARTITION_NETLIST_TYPE              ; SOURCE                         ; --             ; complex2In4 ; Top            ;
; PROJECT_OUTPUT_DIRECTORY            ; output_files                   ; --             ; --          ; --             ;
; TOP_LEVEL_ENTITY                    ; complex2In4                    ; nearML_modules ; --          ; --             ;
+-------------------------------------+--------------------------------+----------------+-------------+----------------+


+-------------------------------------------------------------------------------------------------------------------------------+
; Flow Elapsed Time                                                                                                             ;
+---------------------------+--------------+-------------------------+---------------------+------------------------------------+
; Module Name               ; Elapsed Time ; Average Processors Used ; Peak Virtual Memory ; Total CPU Time (on all processors) ;
+---------------------------+--------------+-------------------------+---------------------+------------------------------------+
; Analysis & Synthesis      ; 00:00:05     ; 1.0                     ; 4659 MB             ; 00:00:05                           ;
; Fitter                    ; 00:00:22     ; 1.0                     ; 5085 MB             ; 00:00:22                           ;
; Assembler                 ; 00:00:08     ; 1.0                     ; 4626 MB             ; 00:00:08                           ;
; TimeQuest Timing Analyzer ; 00:00:09     ; 1.0                     ; 4650 MB             ; 00:00:08                           ;
; EDA Netlist Writer        ; 00:00:07     ; 1.0                     ; 4580 MB             ; 00:00:07                           ;
; EDA Netlist Writer        ; 00:00:03     ; 1.0                     ; 4583 MB             ; 00:00:03                           ;
; EDA Netlist Writer        ; 00:00:04     ; 1.0                     ; 4583 MB             ; 00:00:04                           ;
; Total                     ; 00:00:58     ; --                      ; --                  ; 00:00:57                           ;
+---------------------------+--------------+-------------------------+---------------------+------------------------------------+


+----------------------------------------------------------------------------------------+
; Flow OS Summary                                                                        ;
+---------------------------+------------------+-----------+------------+----------------+
; Module Name               ; Machine Hostname ; OS Name   ; OS Version ; Processor type ;
+---------------------------+------------------+-----------+------------+----------------+
; Analysis & Synthesis      ; DESKTOP-92AEKAJ  ; Windows 7 ; 6.2        ; x86_64         ;
; Fitter                    ; DESKTOP-92AEKAJ  ; Windows 7 ; 6.2        ; x86_64         ;
; Assembler                 ; DESKTOP-92AEKAJ  ; Windows 7 ; 6.2        ; x86_64         ;
; TimeQuest Timing Analyzer ; DESKTOP-92AEKAJ  ; Windows 7 ; 6.2        ; x86_64         ;
; EDA Netlist Writer        ; DESKTOP-92AEKAJ  ; Windows 7 ; 6.2        ; x86_64         ;
; EDA Netlist Writer        ; DESKTOP-92AEKAJ  ; Windows 7 ; 6.2        ; x86_64         ;
; EDA Netlist Writer        ; DESKTOP-92AEKAJ  ; Windows 7 ; 6.2        ; x86_64         ;
+---------------------------+------------------+-----------+------------+----------------+


------------
; Flow Log ;
------------
quartus_map --read_settings_files=on --write_settings_files=off nearML_modules -c nearML_modules
quartus_fit --read_settings_files=off --write_settings_files=off nearML_modules -c nearML_modules
quartus_asm --read_settings_files=off --write_settings_files=off nearML_modules -c nearML_modules
quartus_sta nearML_modules -c nearML_modules
quartus_eda --read_settings_files=off --write_settings_files=off nearML_modules -c nearML_modules
quartus_eda --gen_testbench --check_outputs=on --tool=modelsim_oem --format=verilog nearML_modules -c nearML_modules --vector_source=C:/Users/aaron/Desktop/git_tesis/quartusWorkspace/complex2In4.vwf --testbench_file=./simulation/qsim/nearML_modules.vt
quartus_eda --functional=on --simulation=on --tool=modelsim_oem --format=verilog nearML_modules -c nearML_modules



