Analysis & Elaboration report for mergeModules
Wed Aug 04 14:52:47 2021
Quartus II 64-Bit Version 13.0.0 Build 156 04/24/2013 SJ Web Edition


---------------------
; Table of Contents ;
---------------------
  1. Legal Notice
  2. Analysis & Elaboration Summary
  3. Parallel Compilation
  4. Parameter Settings for User Entity Instance: Top-level Entity: |merge4to8
  5. Parameter Settings for User Entity Instance: merge2to4:oddEvenMerge[0].merge2to4_0
  6. Parameter Settings for User Entity Instance: merge2to4:oddEvenMerge[0].merge2to4_0|comparator:oddEvenMerge[0].comparator_0
  7. Parameter Settings for User Entity Instance: merge2to4:oddEvenMerge[0].merge2to4_0|comparator:oddEvenMerge[1].comparator_1
  8. Parameter Settings for User Entity Instance: merge2to4:oddEvenMerge[0].merge2to4_0|comparator:finalComparators[0].comparator_2
  9. Parameter Settings for User Entity Instance: merge2to4:oddEvenMerge[1].merge2to4_1
 10. Parameter Settings for User Entity Instance: merge2to4:oddEvenMerge[1].merge2to4_1|comparator:oddEvenMerge[0].comparator_0
 11. Parameter Settings for User Entity Instance: merge2to4:oddEvenMerge[1].merge2to4_1|comparator:oddEvenMerge[1].comparator_1
 12. Parameter Settings for User Entity Instance: merge2to4:oddEvenMerge[1].merge2to4_1|comparator:finalComparators[0].comparator_2
 13. Parameter Settings for User Entity Instance: comparator:finalComparators[1].comparator_0
 14. Parameter Settings for User Entity Instance: comparator:finalComparators[2].comparator_0
 15. Parameter Settings for User Entity Instance: comparator:finalComparators[3].comparator_0
 16. Analysis & Elaboration Settings
 17. Analysis & Elaboration Messages



----------------
; Legal Notice ;
----------------
Copyright (C) 1991-2013 Altera Corporation
Your use of Altera Corporation's design tools, logic functions 
and other software and tools, and its AMPP partner logic 
functions, and any output files from any of the foregoing 
(including device programming or simulation files), and any 
associated documentation or information are expressly subject 
to the terms and conditions of the Altera Program License 
Subscription Agreement, Altera MegaCore Function License 
Agreement, or other applicable license agreement, including, 
without limitation, that your use is for the sole purpose of 
programming logic devices manufactured by Altera and sold by 
Altera or its authorized distributors.  Please refer to the 
applicable agreement for further details.



+---------------------------------------------------------------------------------+
; Analysis & Elaboration Summary                                                  ;
+------------------------------------+--------------------------------------------+
; Analysis & Elaboration Status      ; Successful - Wed Aug 04 14:52:47 2021      ;
; Quartus II 64-Bit Version          ; 13.0.0 Build 156 04/24/2013 SJ Web Edition ;
; Revision Name                      ; mergeModules                               ;
; Top-level Entity Name              ; merge4to8                                  ;
; Family                             ; Cyclone IV GX                              ;
; Total logic elements               ; N/A until Partition Merge                  ;
;     Total combinational functions  ; N/A until Partition Merge                  ;
;     Dedicated logic registers      ; N/A until Partition Merge                  ;
; Total registers                    ; N/A until Partition Merge                  ;
; Total pins                         ; N/A until Partition Merge                  ;
; Total virtual pins                 ; N/A until Partition Merge                  ;
; Total memory bits                  ; N/A until Partition Merge                  ;
; Embedded Multiplier 9-bit elements ; N/A until Partition Merge                  ;
; Total GXB Receiver Channel PCS     ; N/A until Partition Merge                  ;
; Total GXB Receiver Channel PMA     ; N/A until Partition Merge                  ;
; Total GXB Transmitter Channel PCS  ; N/A until Partition Merge                  ;
; Total GXB Transmitter Channel PMA  ; N/A until Partition Merge                  ;
; Total PLLs                         ; N/A until Partition Merge                  ;
+------------------------------------+--------------------------------------------+


Parallel compilation was disabled, but you have multiple processors available. Enable parallel compilation to reduce compilation time.
+-------------------------------------+
; Parallel Compilation                ;
+----------------------------+--------+
; Processors                 ; Number ;
+----------------------------+--------+
; Number detected on machine ; 8      ;
; Maximum allowed            ; 1      ;
+----------------------------+--------+


+---------------------------------------------------------------------------+
; Parameter Settings for User Entity Instance: Top-level Entity: |merge4to8 ;
+----------------+-------+--------------------------------------------------+
; Parameter Name ; Value ; Type                                             ;
+----------------+-------+--------------------------------------------------+
; WIDTH          ; 3     ; Signed Integer                                   ;
; n              ; 4     ; Signed Integer                                   ;
+----------------+-------+--------------------------------------------------+
Note: In order to hide this table in the UI and the text report file, please set the "Show Parameter Settings in Synthesis Report" option in "Analysis and Synthesis Settings -> More Settings" to "Off".


+------------------------------------------------------------------------------------+
; Parameter Settings for User Entity Instance: merge2to4:oddEvenMerge[0].merge2to4_0 ;
+----------------+-------+-----------------------------------------------------------+
; Parameter Name ; Value ; Type                                                      ;
+----------------+-------+-----------------------------------------------------------+
; WIDTH          ; 3     ; Signed Integer                                            ;
; n              ; 2     ; Signed Integer                                            ;
+----------------+-------+-----------------------------------------------------------+
Note: In order to hide this table in the UI and the text report file, please set the "Show Parameter Settings in Synthesis Report" option in "Analysis and Synthesis Settings -> More Settings" to "Off".


+----------------------------------------------------------------------------------------------------------------------------+
; Parameter Settings for User Entity Instance: merge2to4:oddEvenMerge[0].merge2to4_0|comparator:oddEvenMerge[0].comparator_0 ;
+----------------+-------+---------------------------------------------------------------------------------------------------+
; Parameter Name ; Value ; Type                                                                                              ;
+----------------+-------+---------------------------------------------------------------------------------------------------+
; WIDTH          ; 3     ; Signed Integer                                                                                    ;
+----------------+-------+---------------------------------------------------------------------------------------------------+
Note: In order to hide this table in the UI and the text report file, please set the "Show Parameter Settings in Synthesis Report" option in "Analysis and Synthesis Settings -> More Settings" to "Off".


+----------------------------------------------------------------------------------------------------------------------------+
; Parameter Settings for User Entity Instance: merge2to4:oddEvenMerge[0].merge2to4_0|comparator:oddEvenMerge[1].comparator_1 ;
+----------------+-------+---------------------------------------------------------------------------------------------------+
; Parameter Name ; Value ; Type                                                                                              ;
+----------------+-------+---------------------------------------------------------------------------------------------------+
; WIDTH          ; 3     ; Signed Integer                                                                                    ;
+----------------+-------+---------------------------------------------------------------------------------------------------+
Note: In order to hide this table in the UI and the text report file, please set the "Show Parameter Settings in Synthesis Report" option in "Analysis and Synthesis Settings -> More Settings" to "Off".


+--------------------------------------------------------------------------------------------------------------------------------+
; Parameter Settings for User Entity Instance: merge2to4:oddEvenMerge[0].merge2to4_0|comparator:finalComparators[0].comparator_2 ;
+----------------+-------+-------------------------------------------------------------------------------------------------------+
; Parameter Name ; Value ; Type                                                                                                  ;
+----------------+-------+-------------------------------------------------------------------------------------------------------+
; WIDTH          ; 3     ; Signed Integer                                                                                        ;
+----------------+-------+-------------------------------------------------------------------------------------------------------+
Note: In order to hide this table in the UI and the text report file, please set the "Show Parameter Settings in Synthesis Report" option in "Analysis and Synthesis Settings -> More Settings" to "Off".


+------------------------------------------------------------------------------------+
; Parameter Settings for User Entity Instance: merge2to4:oddEvenMerge[1].merge2to4_1 ;
+----------------+-------+-----------------------------------------------------------+
; Parameter Name ; Value ; Type                                                      ;
+----------------+-------+-----------------------------------------------------------+
; WIDTH          ; 3     ; Signed Integer                                            ;
; n              ; 2     ; Signed Integer                                            ;
+----------------+-------+-----------------------------------------------------------+
Note: In order to hide this table in the UI and the text report file, please set the "Show Parameter Settings in Synthesis Report" option in "Analysis and Synthesis Settings -> More Settings" to "Off".


+----------------------------------------------------------------------------------------------------------------------------+
; Parameter Settings for User Entity Instance: merge2to4:oddEvenMerge[1].merge2to4_1|comparator:oddEvenMerge[0].comparator_0 ;
+----------------+-------+---------------------------------------------------------------------------------------------------+
; Parameter Name ; Value ; Type                                                                                              ;
+----------------+-------+---------------------------------------------------------------------------------------------------+
; WIDTH          ; 3     ; Signed Integer                                                                                    ;
+----------------+-------+---------------------------------------------------------------------------------------------------+
Note: In order to hide this table in the UI and the text report file, please set the "Show Parameter Settings in Synthesis Report" option in "Analysis and Synthesis Settings -> More Settings" to "Off".


+----------------------------------------------------------------------------------------------------------------------------+
; Parameter Settings for User Entity Instance: merge2to4:oddEvenMerge[1].merge2to4_1|comparator:oddEvenMerge[1].comparator_1 ;
+----------------+-------+---------------------------------------------------------------------------------------------------+
; Parameter Name ; Value ; Type                                                                                              ;
+----------------+-------+---------------------------------------------------------------------------------------------------+
; WIDTH          ; 3     ; Signed Integer                                                                                    ;
+----------------+-------+---------------------------------------------------------------------------------------------------+
Note: In order to hide this table in the UI and the text report file, please set the "Show Parameter Settings in Synthesis Report" option in "Analysis and Synthesis Settings -> More Settings" to "Off".


+--------------------------------------------------------------------------------------------------------------------------------+
; Parameter Settings for User Entity Instance: merge2to4:oddEvenMerge[1].merge2to4_1|comparator:finalComparators[0].comparator_2 ;
+----------------+-------+-------------------------------------------------------------------------------------------------------+
; Parameter Name ; Value ; Type                                                                                                  ;
+----------------+-------+-------------------------------------------------------------------------------------------------------+
; WIDTH          ; 3     ; Signed Integer                                                                                        ;
+----------------+-------+-------------------------------------------------------------------------------------------------------+
Note: In order to hide this table in the UI and the text report file, please set the "Show Parameter Settings in Synthesis Report" option in "Analysis and Synthesis Settings -> More Settings" to "Off".


+------------------------------------------------------------------------------------------+
; Parameter Settings for User Entity Instance: comparator:finalComparators[1].comparator_0 ;
+----------------+-------+-----------------------------------------------------------------+
; Parameter Name ; Value ; Type                                                            ;
+----------------+-------+-----------------------------------------------------------------+
; WIDTH          ; 3     ; Signed Integer                                                  ;
+----------------+-------+-----------------------------------------------------------------+
Note: In order to hide this table in the UI and the text report file, please set the "Show Parameter Settings in Synthesis Report" option in "Analysis and Synthesis Settings -> More Settings" to "Off".


+------------------------------------------------------------------------------------------+
; Parameter Settings for User Entity Instance: comparator:finalComparators[2].comparator_0 ;
+----------------+-------+-----------------------------------------------------------------+
; Parameter Name ; Value ; Type                                                            ;
+----------------+-------+-----------------------------------------------------------------+
; WIDTH          ; 3     ; Signed Integer                                                  ;
+----------------+-------+-----------------------------------------------------------------+
Note: In order to hide this table in the UI and the text report file, please set the "Show Parameter Settings in Synthesis Report" option in "Analysis and Synthesis Settings -> More Settings" to "Off".


+------------------------------------------------------------------------------------------+
; Parameter Settings for User Entity Instance: comparator:finalComparators[3].comparator_0 ;
+----------------+-------+-----------------------------------------------------------------+
; Parameter Name ; Value ; Type                                                            ;
+----------------+-------+-----------------------------------------------------------------+
; WIDTH          ; 3     ; Signed Integer                                                  ;
+----------------+-------+-----------------------------------------------------------------+
Note: In order to hide this table in the UI and the text report file, please set the "Show Parameter Settings in Synthesis Report" option in "Analysis and Synthesis Settings -> More Settings" to "Off".


+----------------------------------------------------------------------------------------------------------------------+
; Analysis & Elaboration Settings                                                                                      ;
+----------------------------------------------------------------------------+--------------------+--------------------+
; Option                                                                     ; Setting            ; Default Value      ;
+----------------------------------------------------------------------------+--------------------+--------------------+
; Top-level entity name                                                      ; merge4to8          ; mergeModules       ;
; Family name                                                                ; Cyclone IV GX      ; Cyclone IV GX      ;
; Use smart compilation                                                      ; Off                ; Off                ;
; Enable parallel Assembler and TimeQuest Timing Analyzer during compilation ; On                 ; On                 ;
; Enable compact report table                                                ; Off                ; Off                ;
; Restructure Multiplexers                                                   ; Auto               ; Auto               ;
; Create Debugging Nodes for IP Cores                                        ; Off                ; Off                ;
; Preserve fewer node names                                                  ; On                 ; On                 ;
; Disable OpenCore Plus hardware evaluation                                  ; Off                ; Off                ;
; Verilog Version                                                            ; Verilog_2001       ; Verilog_2001       ;
; VHDL Version                                                               ; VHDL_1993          ; VHDL_1993          ;
; State Machine Processing                                                   ; Auto               ; Auto               ;
; Safe State Machine                                                         ; Off                ; Off                ;
; Extract Verilog State Machines                                             ; On                 ; On                 ;
; Extract VHDL State Machines                                                ; On                 ; On                 ;
; Ignore Verilog initial constructs                                          ; Off                ; Off                ;
; Iteration limit for constant Verilog loops                                 ; 5000               ; 5000               ;
; Iteration limit for non-constant Verilog loops                             ; 250                ; 250                ;
; Add Pass-Through Logic to Inferred RAMs                                    ; On                 ; On                 ;
; Infer RAMs from Raw Logic                                                  ; On                 ; On                 ;
; Parallel Synthesis                                                         ; On                 ; On                 ;
; DSP Block Balancing                                                        ; Auto               ; Auto               ;
; NOT Gate Push-Back                                                         ; On                 ; On                 ;
; Power-Up Don't Care                                                        ; On                 ; On                 ;
; Remove Redundant Logic Cells                                               ; Off                ; Off                ;
; Remove Duplicate Registers                                                 ; On                 ; On                 ;
; Ignore CARRY Buffers                                                       ; Off                ; Off                ;
; Ignore CASCADE Buffers                                                     ; Off                ; Off                ;
; Ignore GLOBAL Buffers                                                      ; Off                ; Off                ;
; Ignore ROW GLOBAL Buffers                                                  ; Off                ; Off                ;
; Ignore LCELL Buffers                                                       ; Off                ; Off                ;
; Ignore SOFT Buffers                                                        ; On                 ; On                 ;
; Limit AHDL Integers to 32 Bits                                             ; Off                ; Off                ;
; Optimization Technique                                                     ; Balanced           ; Balanced           ;
; Carry Chain Length                                                         ; 70                 ; 70                 ;
; Auto Carry Chains                                                          ; On                 ; On                 ;
; Auto Open-Drain Pins                                                       ; On                 ; On                 ;
; Perform WYSIWYG Primitive Resynthesis                                      ; Off                ; Off                ;
; Auto ROM Replacement                                                       ; On                 ; On                 ;
; Auto RAM Replacement                                                       ; On                 ; On                 ;
; Auto DSP Block Replacement                                                 ; On                 ; On                 ;
; Auto Shift Register Replacement                                            ; Auto               ; Auto               ;
; Allow Shift Register Merging across Hierarchies                            ; Auto               ; Auto               ;
; Auto Clock Enable Replacement                                              ; On                 ; On                 ;
; Strict RAM Replacement                                                     ; Off                ; Off                ;
; Allow Synchronous Control Signals                                          ; On                 ; On                 ;
; Force Use of Synchronous Clear Signals                                     ; Off                ; Off                ;
; Auto RAM Block Balancing                                                   ; On                 ; On                 ;
; Auto RAM to Logic Cell Conversion                                          ; Off                ; Off                ;
; Auto Resource Sharing                                                      ; Off                ; Off                ;
; Allow Any RAM Size For Recognition                                         ; Off                ; Off                ;
; Allow Any ROM Size For Recognition                                         ; Off                ; Off                ;
; Allow Any Shift Register Size For Recognition                              ; Off                ; Off                ;
; Use LogicLock Constraints during Resource Balancing                        ; On                 ; On                 ;
; Ignore translate_off and synthesis_off directives                          ; Off                ; Off                ;
; Timing-Driven Synthesis                                                    ; On                 ; On                 ;
; Report Parameter Settings                                                  ; On                 ; On                 ;
; Report Source Assignments                                                  ; On                 ; On                 ;
; Report Connectivity Checks                                                 ; On                 ; On                 ;
; Ignore Maximum Fan-Out Assignments                                         ; Off                ; Off                ;
; Synchronization Register Chain Length                                      ; 2                  ; 2                  ;
; PowerPlay Power Optimization                                               ; Normal compilation ; Normal compilation ;
; HDL message level                                                          ; Level2             ; Level2             ;
; Suppress Register Optimization Related Messages                            ; Off                ; Off                ;
; Number of Removed Registers Reported in Synthesis Report                   ; 5000               ; 5000               ;
; Number of Swept Nodes Reported in Synthesis Report                         ; 5000               ; 5000               ;
; Number of Inverted Registers Reported in Synthesis Report                  ; 100                ; 100                ;
; Clock MUX Protection                                                       ; On                 ; On                 ;
; Auto Gated Clock Conversion                                                ; Off                ; Off                ;
; Block Design Naming                                                        ; Auto               ; Auto               ;
; SDC constraint protection                                                  ; Off                ; Off                ;
; Synthesis Effort                                                           ; Auto               ; Auto               ;
; Shift Register Replacement - Allow Asynchronous Clear Signal               ; On                 ; On                 ;
; Pre-Mapping Resynthesis Optimization                                       ; Off                ; Off                ;
; Analysis & Synthesis Message Level                                         ; Medium             ; Medium             ;
; Disable Register Merging Across Hierarchies                                ; Auto               ; Auto               ;
; Resource Aware Inference For Block RAM                                     ; On                 ; On                 ;
; Synthesis Seed                                                             ; 1                  ; 1                  ;
+----------------------------------------------------------------------------+--------------------+--------------------+


+---------------------------------+
; Analysis & Elaboration Messages ;
+---------------------------------+
Info: *******************************************************************
Info: Running Quartus II 64-Bit Analysis & Elaboration
    Info: Version 13.0.0 Build 156 04/24/2013 SJ Web Edition
    Info: Processing started: Wed Aug 04 14:52:44 2021
Info: Command: quartus_map --read_settings_files=on --write_settings_files=off mergeModules -c mergeModules --analysis_and_elaboration
Warning (20028): Parallel compilation is not licensed and has been disabled
Info (12021): Found 1 design units, including 1 entities, in source file comparator.v
    Info (12023): Found entity 1: comparator
Info (12021): Found 1 design units, including 1 entities, in source file merge2to4.v
    Info (12023): Found entity 1: merge2to4
Info (12021): Found 1 design units, including 1 entities, in source file merge4to8.v
    Info (12023): Found entity 1: merge4to8
Info (12021): Found 1 design units, including 1 entities, in source file merge8to16.v
    Info (12023): Found entity 1: merge8to16
Info (12127): Elaborating entity "merge4to8" for the top level hierarchy
Info (12128): Elaborating entity "merge2to4" for hierarchy "merge2to4:oddEvenMerge[0].merge2to4_0"
Info (12128): Elaborating entity "comparator" for hierarchy "merge2to4:oddEvenMerge[0].merge2to4_0|comparator:oddEvenMerge[0].comparator_0"
Info: Quartus II 64-Bit Analysis & Elaboration was successful. 0 errors, 1 warning
    Info: Peak virtual memory: 4615 megabytes
    Info: Processing ended: Wed Aug 04 14:52:47 2021
    Info: Elapsed time: 00:00:03
    Info: Total CPU time (on all processors): 00:00:03


